/home/travis/build/drtrigon/sketchbook/cli/owslave/moat_backend.c:48: warning: include file _def.h not found, perhaps you forgot to add its directory to INCLUDE_PATH?
/home/travis/build/drtrigon/sketchbook/cli/owslave/moat_backend.c:54: warning: include file _nums.h not found, perhaps you forgot to add its directory to INCLUDE_PATH?
/home/travis/build/drtrigon/sketchbook/cli/owslave/moat_backend.c:53: warning: documented symbol `const uint8_t moat_sizes' was not declared or defined.
/home/travis/build/drtrigon/sketchbook/cli/owslave/moat_internal.h:107: warning: documented symbol `const uint8_t moat_sizes' was not declared or defined.
/home/travis/build/drtrigon/sketchbook/micpy/webrepl-master/FileSaver.js:14: warning: Found unknown command `\source'
/home/travis/build/drtrigon/sketchbook/oclint-0.10.3/lib/clang/3.8.0/include/sanitizer/dfsan_interface.h:91: warning: Unsupported xml/html tag <label> found
/home/travis/build/drtrigon/sketchbook/oclint-0.10.3/lib/clang/3.8.0/include/sanitizer/dfsan_interface.h:91: warning: Unsupported xml/html tag <label> found
/home/travis/build/drtrigon/sketchbook/OWPJON/ARDUINO/Local/SoftwareBitBang/DeviceGeneric/DeviceGeneric.ino:187: warning: argument 'void' of command @param is not found in the argument list of readTemp(void)
/home/travis/build/drtrigon/sketchbook/OWPJON/ARDUINO/Local/ThroughLoRa/DeviceGeneric/DeviceGeneric.ino:149: warning: argument 'void' of command @param is not found in the argument list of readTemp(void)
/home/travis/build/drtrigon/sketchbook/OWPJON/ATTINY/Local/SoftwareBitBang/DeviceGeneric/DeviceGeneric.ino:181: warning: argument 'void' of command @param is not found in the argument list of readTemp(void)
/home/travis/build/drtrigon/sketchbook/OWPJON/ARDUINO/Local/SoftwareBitBang/OWP_DG_1w-adaptor/OWP_DG_1w-adaptor.ino:319: warning: argument 'void' of command @param is not found in the argument list of readTemp(void)
/home/travis/build/drtrigon/sketchbook/OWPJON/ARDUINO/Local/SoftwareBitBang/OWP_DG_Dragino_Sensors/OWP_DG_Dragino_Sensors.ino:145: warning: argument 'void' of command @param is not found in the argument list of readTemp(void)
/home/travis/build/drtrigon/sketchbook/OWPJON/ARDUINO/Local/SoftwareBitBang/OWP_DG_LCD_Sensors/OWP_DG_LCD_Sensors.ino:291: warning: argument 'void' of command @param is not found in the argument list of readTemp(void)
/home/travis/build/drtrigon/sketchbook/OWPJON/ARDUINO/Local/ThroughLoRa/OWP_DG_GPS_WeatherStation/OWP_DG_GPS_WeatherStation.ino:402: warning: argument 'void' of command @param is not found in the argument list of readTemp(void)
/home/travis/build/drtrigon/sketchbook/Uno_OWSlave/OWH_DS2433_EEPROM_LCD_Sensors/OWH_DS2433_EEPROM_LCD_Sensors.ino:304: warning: argument 'void' of command @param is not found in the argument list of blinking(void)
/home/travis/build/drtrigon/sketchbook/Uno_Dragino_LoRa_GPS_Shield_TTN/Uno_Dragino_LoRa_GPS_Shield_TTN.ino:340: warning: argument 'void' of command @param is not found in the argument list of readTemp(void)
/home/travis/build/drtrigon/sketchbook/Uno_OWSlave/OWH_DS2433_EEPROM_LCD_Sensors/OWH_DS2433_EEPROM_LCD_Sensors.ino:304: warning: argument 'void' of command @param is not found in the argument list of blinking(void)
/home/travis/build/drtrigon/sketchbook/Uno_OWSlave/OWH_DS2433_EEPROM_LCD_Sensors/OWH_DS2433_EEPROM_LCD_Sensors.ino:353: warning: argument 'void' of command @param is not found in the argument list of GetTemp(void)
/home/travis/build/drtrigon/sketchbook/cli/n64dual_tiny45/README.md:47: warning: unable to resolve reference to `n64dual_schematic.png' for \ref command
/home/travis/build/drtrigon/sketchbook/cli/owslave/_howto_build-burn_ds2423.md:3: warning: Found unknown command `\osboxes'
/home/travis/build/drtrigon/sketchbook/cli/owslave/_howto_build-burn_ds2423.md:33: warning: Found unknown command `\osboxes'
/home/travis/build/drtrigon/sketchbook/cli/owslave/_howto_build-burn_ds2423.md:41: warning: Found unknown command `\osboxes'
/home/travis/build/drtrigon/sketchbook/cli/owslave/_howto_build-burn_ds2423.md:43: warning: Found unknown command `\osboxes'
/home/travis/build/drtrigon/sketchbook/cli/owslave/_howto_build-burn_ds2423.md:89: warning: explicit link request to 'warning' could not be resolved
/home/travis/build/drtrigon/sketchbook/cli/owslave/_howto_build-burn_ds2423.md:90: warning: explicit link request to 'warning' could not be resolved
/home/travis/build/drtrigon/sketchbook/cli/owslave/_howto_build-burn_ds2423.md:109: warning: Found unknown command `\osboxes'
/home/travis/build/drtrigon/sketchbook/cli/owslave/_howto_build-burn_ds2423.md:233: warning: Found unknown command `\osboxes'
/home/travis/build/drtrigon/sketchbook/cli/owslave/_howto_build-burn_ds2423.md:293: warning: Found unknown command `\osboxes'
/home/travis/build/drtrigon/sketchbook/cli/owslave/_howto_build-burn_ds2423.md:301: warning: Found unknown command `\osboxes'
/home/travis/build/drtrigon/sketchbook/cli/owslave/_howto_build-burn_ds2423.md:303: warning: Found unknown command `\osboxes'
/home/travis/build/drtrigon/sketchbook/cli/owslave/_howto_build-burn_ds2423.md:349: warning: explicit link request to 'warning' could not be resolved
/home/travis/build/drtrigon/sketchbook/cli/owslave/_howto_build-burn_ds2423.md:350: warning: explicit link request to 'warning' could not be resolved
/home/travis/build/drtrigon/sketchbook/cli/owslave/_howto_build-burn_ds2423.md:365: warning: Found unknown command `\osboxes'
/home/travis/build/drtrigon/sketchbook/cli/owslave/_howto_build-burn_ds2423.md:490: warning: Found unknown command `\osboxes'
/home/travis/build/drtrigon/sketchbook/OWPJON/PJON-cython/README.md:95: warning: explicit link request to 'PJON' could not be resolved
/home/travis/build/drtrigon/sketchbook/OWPJON/PJON-cython/README.md:125: warning: explicit link request to 'ThroughSerial' could not be resolved
/home/travis/build/drtrigon/sketchbook/OWPJON/PJON-cython/README.md:211: warning: explicit link request to 'They' could not be resolved
/home/travis/build/drtrigon/sketchbook/OWPJON/README.md:161: warning: Found unknown command `\raspberrypi'
/home/travis/build/drtrigon/sketchbook/OWPJON/README.md:171: warning: Found unknown command `\raspberrypi'
/home/travis/build/drtrigon/sketchbook/OWPJON/README.md:172: warning: Found unknown command `\raspberrypi'
/home/travis/build/drtrigon/sketchbook/OWPJON/README.md:179: warning: Found unknown command `\raspberrypi'
/home/travis/build/drtrigon/sketchbook/OWPJON/README.md:180: warning: Found unknown command `\raspberrypi'
/home/travis/build/drtrigon/sketchbook/OWPJON/README.md:181: warning: Found unknown command `\raspberrypi'
/home/travis/build/drtrigon/sketchbook/OWPJON/README.md:182: warning: Found unknown command `\raspberrypi'
/home/travis/build/drtrigon/sketchbook/OWPJON/README.md:183: warning: Found unknown command `\raspberrypi'
/home/travis/build/drtrigon/sketchbook/OWPJON/README.md:184: warning: Found unknown command `\raspberrypi'
/home/travis/build/drtrigon/sketchbook/OWPJON/README.md:185: warning: Found unknown command `\raspberrypi'
/home/travis/build/drtrigon/sketchbook/OWPJON/README.md:189: warning: Found unknown command `\raspberrypi'
/home/travis/build/drtrigon/sketchbook/OWPJON/README.md:190: warning: Found unknown command `\raspberrypi'
/home/travis/build/drtrigon/sketchbook/OWPJON/README.md:191: warning: Found unknown command `\raspberrypi'
/home/travis/build/drtrigon/sketchbook/OWPJON/README.md:192: warning: Found unknown command `\raspberrypi'
/home/travis/build/drtrigon/sketchbook/OWPJON/README.md:193: warning: Found unknown command `\raspberrypi'
/home/travis/build/drtrigon/sketchbook/OWPJON/README.md:194: warning: Found unknown command `\raspberrypi'
/home/travis/build/drtrigon/sketchbook/OWPJON/README.md:203: warning: Found unknown command `\raspberrypi'
/home/travis/build/drtrigon/sketchbook/OWPJON/README.md:204: warning: Found unknown command `\raspberrypi'
/home/travis/build/drtrigon/sketchbook/OWPJON/README.md:206: warning: Found unknown command `\raspberrypi'
/home/travis/build/drtrigon/sketchbook/OWPJON/README.md:208: warning: Found unknown command `\raspberrypi'
/home/travis/build/drtrigon/sketchbook/cli/owslave/uart.h:66: warning: argument 'xtalcpu' of command @param is not found in the argument list of UART_BAUD_SELECT(baudRate, xtalCpu)
/home/travis/build/drtrigon/sketchbook/cli/owslave/uart.h:66: warning: argument 'baudrate' of command @param is not found in the argument list of UART_BAUD_SELECT(baudRate, xtalCpu)
/home/travis/build/drtrigon/sketchbook/cli/owslave/uart.h:66: warning: The following parameters of UART_BAUD_SELECT(baudRate, xtalCpu) are not documented:
  parameter 'baudRate'
  parameter 'xtalCpu'
error: Problems running epstopdf. Check your TeX installation!
error: Problems running epstopdf. Check your TeX installation!
error: Problems running epstopdf. Check your TeX installation!
error: Problems running epstopdf. Check your TeX installation!
error: Problems running epstopdf. Check your TeX installation!
error: Problems running epstopdf. Check your TeX installation!
error: Problems running epstopdf. Check your TeX installation!
error: Problems running epstopdf. Check your TeX installation!
error: Problems running epstopdf. Check your TeX installation!
error: Problems running epstopdf. Check your TeX installation!
error: Problems running epstopdf. Check your TeX installation!
error: Problems running epstopdf. Check your TeX installation!
error: Problems running epstopdf. Check your TeX installation!
error: Problems running epstopdf. Check your TeX installation!
error: Problems running epstopdf. Check your TeX installation!
